<?xml version="1.0" encoding="UTF-8"?>
<testng-results ignored="0" total="1" passed="1" failed="0" skipped="0">
  <reporter-output>
  </reporter-output>
  <suite started-at="2022-10-02T18:33:44 IST" name="Default suite" finished-at="2022-10-02T18:35:24 IST" duration-ms="99930">
    <groups>
    </groups>
    <test started-at="2022-10-02T18:33:44 IST" name="Default test" finished-at="2022-10-02T18:35:24 IST" duration-ms="99930">
      <class name="testcases.TC_HomePage_017">
        <test-method is-config="true" signature="testSetUp()[pri:0, instance:testcases.TC_HomePage_017@128d2484]" started-at="2022-10-02T18:33:44 IST" name="testSetUp" finished-at="2022-10-02T18:33:44 IST" duration-ms="23" status="PASS">
          <reporter-output>
          </reporter-output>
        </test-method> <!-- testSetUp -->
        <test-method is-config="true" signature="setUpDriver()[pri:0, instance:testcases.TC_HomePage_017@128d2484]" started-at="2022-10-02T18:33:44 IST" name="setUpDriver" finished-at="2022-10-02T18:33:55 IST" duration-ms="10313" status="PASS">
          <reporter-output>
          </reporter-output>
        </test-method> <!-- setUpDriver -->
        <test-method signature="checkPaymentGateWayPage()[pri:0, instance:testcases.TC_HomePage_017@128d2484]" started-at="2022-10-02T18:33:55 IST" name="checkPaymentGateWayPage" finished-at="2022-10-02T18:35:22 IST" duration-ms="87655" status="PASS">
          <reporter-output>
          </reporter-output>
        </test-method> <!-- checkPaymentGateWayPage -->
        <test-method is-config="true" signature="closeBrowser()[pri:0, instance:testcases.TC_HomePage_017@128d2484]" started-at="2022-10-02T18:35:23 IST" name="closeBrowser" finished-at="2022-10-02T18:35:24 IST" duration-ms="1514" status="PASS">
          <reporter-output>
          </reporter-output>
        </test-method> <!-- closeBrowser -->
      </class> <!-- testcases.TC_HomePage_017 -->
    </test> <!-- Default test -->
  </suite> <!-- Default suite -->
</testng-results>
