<?xml version="1.0" encoding="UTF-8"?>
<testng-results ignored="0" total="1" passed="1" failed="0" skipped="0">
  <reporter-output>
  </reporter-output>
  <suite started-at="2022-10-26T13:16:37 IST" name="Default suite" finished-at="2022-10-26T13:16:54 IST" duration-ms="16929">
    <groups>
    </groups>
    <test started-at="2022-10-26T13:16:37 IST" name="Default test" finished-at="2022-10-26T13:16:54 IST" duration-ms="16929">
      <class name="testcases.TC_Register_001">
        <test-method is-config="true" signature="testSetUp()[pri:0, instance:testcases.TC_Register_001@4d5d943d]" started-at="2022-10-26T13:16:37 IST" name="testSetUp" finished-at="2022-10-26T13:16:37 IST" duration-ms="19" status="PASS">
          <reporter-output>
          </reporter-output>
        </test-method> <!-- testSetUp -->
        <test-method is-config="true" signature="setUpDriver()[pri:0, instance:testcases.TC_Register_001@4d5d943d]" started-at="2022-10-26T13:16:37 IST" name="setUpDriver" finished-at="2022-10-26T13:16:41 IST" duration-ms="4093" status="PASS">
          <reporter-output>
          </reporter-output>
        </test-method> <!-- setUpDriver -->
        <test-method is-config="true" signature="enterUrl()[pri:0, instance:testcases.TC_Register_001@4d5d943d]" started-at="2022-10-26T13:16:41 IST" name="enterUrl" finished-at="2022-10-26T13:16:45 IST" duration-ms="4045" status="PASS">
          <reporter-output>
          </reporter-output>
        </test-method> <!-- enterUrl -->
        <test-method signature="testWithValidEmailAndPswd()[pri:0, instance:testcases.TC_Register_001@4d5d943d]" started-at="2022-10-26T13:16:45 IST" name="testWithValidEmailAndPswd" finished-at="2022-10-26T13:16:54 IST" duration-ms="8336" status="PASS">
          <reporter-output>
          </reporter-output>
        </test-method> <!-- testWithValidEmailAndPswd -->
        <test-method is-config="true" signature="closeBrowser()[pri:0, instance:testcases.TC_Register_001@4d5d943d]" started-at="2022-10-26T13:16:54 IST" name="closeBrowser" finished-at="2022-10-26T13:16:54 IST" duration-ms="361" status="PASS">
          <reporter-output>
          </reporter-output>
        </test-method> <!-- closeBrowser -->
      </class> <!-- testcases.TC_Register_001 -->
    </test> <!-- Default test -->
  </suite> <!-- Default suite -->
</testng-results>
